
Showing logs for build [32mmeta-cb-kubecd-bdd-gh-157659517-1[0m stage [32mmeta-pipeline[0m and container [32mstep-credential-initializer-fx6jj[0m
{"level":"warn","ts":1576595276.5234022,"logger":"fallback-logger","caller":"logging/config.go:69","msg":"Fetch GitHub commit ID from kodata failed: \"ref: refs/heads/master\" is not a valid GitHub commit ID"}
{"level":"info","ts":1576595276.5239565,"logger":"fallback-logger","caller":"creds-init/main.go:40","msg":"Credentials initialized."}

Showing logs for build [32mmeta-cb-kubecd-bdd-gh-157659517-1[0m stage [32mmeta-pipeline[0m and container [32mstep-working-dir-initializer-89fxd[0m
{"level":"warn","ts":1576595279.209891,"logger":"fallback-logger","caller":"logging/config.go:69","msg":"Fetch GitHub commit ID from kodata failed: open /var/run/ko/HEAD: no such file or directory"}
{"level":"info","ts":1576595279.2139518,"logger":"fallback-logger","caller":"bash/main.go:65","msg":"Successfully executed command \"mkdir -p /workspace/source\""}

Showing logs for build [32mmeta-cb-kubecd-bdd-gh-157659517-1[0m stage [32mmeta-pipeline[0m and container [32mstep-place-tools[0m

Showing logs for build [32mmeta-cb-kubecd-bdd-gh-157659517-1[0m stage [32mmeta-pipeline[0m and container [32mstep-git-source-meta-cb-kubecd-bdd-gh-157659517-75kg9[0m
{"level":"warn","ts":1576595367.184452,"logger":"fallback-logger","caller":"logging/config.go:69","msg":"Fetch GitHub commit ID from kodata failed: \"ref: refs/heads/master\" is not a valid GitHub commit ID"}
{"level":"info","ts":1576595368.332034,"logger":"fallback-logger","caller":"git/git.go:102","msg":"Successfully cloned https://github.com/cb-kubecd/bdd-gh-1576595170.git @ 682d7e395aee6eef0dbfc9d0f2793dd8c0f89c70 in path /workspace/source"}

Showing logs for build [32mmeta-cb-kubecd-bdd-gh-157659517-1[0m stage [32mmeta-pipeline[0m and container [32mstep-git-merge[0m
Using SHAs from PULL_REFS=master:682d7e395aee6eef0dbfc9d0f2793dd8c0f89c70
WARNING: no SHAs to merge, falling back to initial cloned commit

Showing logs for build [32mmeta-cb-kubecd-bdd-gh-157659517-1[0m stage [32mmeta-pipeline[0m and container [32mstep-merge-pull-refs[0m
SKIP merge-pull-refs: Nothing to merge

Showing logs for build [32mmeta-cb-kubecd-bdd-gh-157659517-1[0m stage [32mmeta-pipeline[0m and container [32mstep-create-effective-pipeline[0m
error: : failed to git fetch origin 5a8983c85ce102fe12895f3656f864f74b3cb822 for repo: https://github.com/cloudbees/cloudbees-jenkins-x-versions.git in dir /builder/home/.**/jenkins-x-versions: failed to run 'git fetch origin 5a8983c85ce102fe12895f3656f864f74b3cb822' command in directory '/builder/home/.**/jenkins-x-versions', output: 'error: Server does not allow request for unadvertised object 5a8983c85ce102fe12895f3656f864f74b3cb822'
[31m
Pipeline failed on stage 'meta-pipeline' : container 'step-create-effective-pipeline'. The execution of the pipeline has stopped.[0m

Showing logs for build [32mmeta-cb-kubecd-bdd-gh-157659517-1[0m stage [32mmeta-pipeline[0m and container [32mstep-credential-initializer-fx6jj[0m
{"level":"warn","ts":1576595276.5234022,"logger":"fallback-logger","caller":"logging/config.go:69","msg":"Fetch GitHub commit ID from kodata failed: \"ref: refs/heads/master\" is not a valid GitHub commit ID"}
{"level":"info","ts":1576595276.5239565,"logger":"fallback-logger","caller":"creds-init/main.go:40","msg":"Credentials initialized."}

Showing logs for build [32mmeta-cb-kubecd-bdd-gh-157659517-1[0m stage [32mmeta-pipeline[0m and container [32mstep-working-dir-initializer-89fxd[0m
{"level":"warn","ts":1576595279.209891,"logger":"fallback-logger","caller":"logging/config.go:69","msg":"Fetch GitHub commit ID from kodata failed: open /var/run/ko/HEAD: no such file or directory"}
{"level":"info","ts":1576595279.2139518,"logger":"fallback-logger","caller":"bash/main.go:65","msg":"Successfully executed command \"mkdir -p /workspace/source\""}

Showing logs for build [32mmeta-cb-kubecd-bdd-gh-157659517-1[0m stage [32mmeta-pipeline[0m and container [32mstep-place-tools[0m

Showing logs for build [32mmeta-cb-kubecd-bdd-gh-157659517-1[0m stage [32mmeta-pipeline[0m and container [32mstep-git-source-meta-cb-kubecd-bdd-gh-157659517-75kg9[0m
{"level":"warn","ts":1576595367.184452,"logger":"fallback-logger","caller":"logging/config.go:69","msg":"Fetch GitHub commit ID from kodata failed: \"ref: refs/heads/master\" is not a valid GitHub commit ID"}
{"level":"info","ts":1576595368.332034,"logger":"fallback-logger","caller":"git/git.go:102","msg":"Successfully cloned https://github.com/cb-kubecd/bdd-gh-1576595170.git @ 682d7e395aee6eef0dbfc9d0f2793dd8c0f89c70 in path /workspace/source"}

Showing logs for build [32mmeta-cb-kubecd-bdd-gh-157659517-1[0m stage [32mmeta-pipeline[0m and container [32mstep-git-merge[0m
Using SHAs from PULL_REFS=master:682d7e395aee6eef0dbfc9d0f2793dd8c0f89c70
WARNING: no SHAs to merge, falling back to initial cloned commit

Showing logs for build [32mmeta-cb-kubecd-bdd-gh-157659517-1[0m stage [32mmeta-pipeline[0m and container [32mstep-merge-pull-refs[0m
SKIP merge-pull-refs: Nothing to merge

Showing logs for build [32mmeta-cb-kubecd-bdd-gh-157659517-1[0m stage [32mmeta-pipeline[0m and container [32mstep-create-effective-pipeline[0m
error: : failed to git fetch origin 5a8983c85ce102fe12895f3656f864f74b3cb822 for repo: https://github.com/cloudbees/cloudbees-jenkins-x-versions.git in dir /builder/home/.**/jenkins-x-versions: failed to run 'git fetch origin 5a8983c85ce102fe12895f3656f864f74b3cb822' command in directory '/builder/home/.**/jenkins-x-versions', output: 'error: Server does not allow request for unadvertised object 5a8983c85ce102fe12895f3656f864f74b3cb822'
[31m
Pipeline failed on stage 'meta-pipeline' : container 'step-create-effective-pipeline'. The execution of the pipeline has stopped.[0m

Showing logs for build [32mmeta-cb-kubecd-bdd-gh-157659517-1[0m stage [32mmeta-pipeline[0m and container [32mstep-credential-initializer-fx6jj[0m
{"level":"warn","ts":1576595276.5234022,"logger":"fallback-logger","caller":"logging/config.go:69","msg":"Fetch GitHub commit ID from kodata failed: \"ref: refs/heads/master\" is not a valid GitHub commit ID"}
{"level":"info","ts":1576595276.5239565,"logger":"fallback-logger","caller":"creds-init/main.go:40","msg":"Credentials initialized."}

Showing logs for build [32mmeta-cb-kubecd-bdd-gh-157659517-1[0m stage [32mmeta-pipeline[0m and container [32mstep-working-dir-initializer-89fxd[0m
{"level":"warn","ts":1576595279.209891,"logger":"fallback-logger","caller":"logging/config.go:69","msg":"Fetch GitHub commit ID from kodata failed: open /var/run/ko/HEAD: no such file or directory"}
{"level":"info","ts":1576595279.2139518,"logger":"fallback-logger","caller":"bash/main.go:65","msg":"Successfully executed command \"mkdir -p /workspace/source\""}

Showing logs for build [32mmeta-cb-kubecd-bdd-gh-157659517-1[0m stage [32mmeta-pipeline[0m and container [32mstep-place-tools[0m

Showing logs for build [32mmeta-cb-kubecd-bdd-gh-157659517-1[0m stage [32mmeta-pipeline[0m and container [32mstep-git-source-meta-cb-kubecd-bdd-gh-157659517-75kg9[0m
{"level":"warn","ts":1576595367.184452,"logger":"fallback-logger","caller":"logging/config.go:69","msg":"Fetch GitHub commit ID from kodata failed: \"ref: refs/heads/master\" is not a valid GitHub commit ID"}
{"level":"info","ts":1576595368.332034,"logger":"fallback-logger","caller":"git/git.go:102","msg":"Successfully cloned https://github.com/cb-kubecd/bdd-gh-1576595170.git @ 682d7e395aee6eef0dbfc9d0f2793dd8c0f89c70 in path /workspace/source"}

Showing logs for build [32mmeta-cb-kubecd-bdd-gh-157659517-1[0m stage [32mmeta-pipeline[0m and container [32mstep-git-merge[0m
Using SHAs from PULL_REFS=master:682d7e395aee6eef0dbfc9d0f2793dd8c0f89c70
WARNING: no SHAs to merge, falling back to initial cloned commit

Showing logs for build [32mmeta-cb-kubecd-bdd-gh-157659517-1[0m stage [32mmeta-pipeline[0m and container [32mstep-merge-pull-refs[0m
SKIP merge-pull-refs: Nothing to merge

Showing logs for build [32mmeta-cb-kubecd-bdd-gh-157659517-1[0m stage [32mmeta-pipeline[0m and container [32mstep-create-effective-pipeline[0m
error: : failed to git fetch origin 5a8983c85ce102fe12895f3656f864f74b3cb822 for repo: https://github.com/cloudbees/cloudbees-jenkins-x-versions.git in dir /builder/home/.**/jenkins-x-versions: failed to run 'git fetch origin 5a8983c85ce102fe12895f3656f864f74b3cb822' command in directory '/builder/home/.**/jenkins-x-versions', output: 'error: Server does not allow request for unadvertised object 5a8983c85ce102fe12895f3656f864f74b3cb822'
[31m
Pipeline failed on stage 'meta-pipeline' : container 'step-create-effective-pipeline'. The execution of the pipeline has stopped.[0m
